<?xml version="1.0" encoding="UTF-8"?>
<!-- Generated by org.testng.reporters.JUnitReportReporter -->
<testsuite skipped="0" hostname="Prabodh-PC" name="com.assignment.rest.tests.VerifyPutRequest" tests="1" failures="0" timestamp="22 Aug 2020 13:33:14 GMT" time="3.534" errors="0">
  <testcase name="verifyUpdatePosts" time="3.534" classname="com.assignment.rest.tests.VerifyPutRequest"/>
</testsuite> <!-- com.assignment.rest.tests.VerifyPutRequest -->
