<?xml version="1.0" encoding="UTF-8"?>
<!-- Generated by org.testng.reporters.JUnitReportReporter -->
<testsuite skipped="0" hostname="Prabodh-PC" name="com.assignment.rest.tests.VerifyGetRequests" tests="3" failures="0" timestamp="22 Aug 2020 13:33:14 GMT" time="4.331" errors="0">
  <testcase name="verifyGetPosts" time="1.428" classname="com.assignment.rest.tests.VerifyGetRequests"/>
  <testcase name="verifyGetSpecificPost" time="1.841" classname="com.assignment.rest.tests.VerifyGetRequests"/>
  <testcase name="verifyInvalidPosts" time="1.062" classname="com.assignment.rest.tests.VerifyGetRequests"/>
</testsuite> <!-- com.assignment.rest.tests.VerifyGetRequests -->
