<?xml version="1.0" encoding="UTF-8"?>
<!-- Generated by org.testng.reporters.JUnitReportReporter -->
<testsuite skipped="0" hostname="Prabodh-PC" name="com.assignment.rest.tests.VerifyPostRequest" tests="1" failures="0" timestamp="22 Aug 2020 13:33:14 GMT" time="2.310" errors="0">
  <testcase name="verifyCreatePosts" time="2.310" classname="com.assignment.rest.tests.VerifyPostRequest"/>
</testsuite> <!-- com.assignment.rest.tests.VerifyPostRequest -->
