<?xml version="1.0" encoding="UTF-8"?>
<!-- Generated by org.testng.reporters.JUnitReportReporter -->
<testsuite skipped="0" hostname="Prabodh-PC" name="com.assignment.rest.tests.VerifyDeleteRequest" tests="1" failures="0" timestamp="22 Aug 2020 13:33:14 GMT" time="5.011" errors="0">
  <testcase name="verifyDeletePosts" time="5.011" classname="com.assignment.rest.tests.VerifyDeleteRequest"/>
</testsuite> <!-- com.assignment.rest.tests.VerifyDeleteRequest -->
